mode: set
rental_easy.in/m/pkg/server/Bookings.go:15.111,20.16 4 1
rental_easy.in/m/pkg/server/Bookings.go:24.2,40.35 9 1
rental_easy.in/m/pkg/server/Bookings.go:44.2,50.16 5 1
rental_easy.in/m/pkg/server/Bookings.go:54.2,54.52 1 1
rental_easy.in/m/pkg/server/Bookings.go:20.16,22.3 1 0
rental_easy.in/m/pkg/server/Bookings.go:40.35,42.3 1 0
rental_easy.in/m/pkg/server/Bookings.go:50.16,52.3 1 1
rental_easy.in/m/pkg/server/Bookings.go:58.146,61.16 3 0
rental_easy.in/m/pkg/server/Bookings.go:65.2,65.35 1 0
rental_easy.in/m/pkg/server/Bookings.go:81.2,81.12 1 0
rental_easy.in/m/pkg/server/Bookings.go:61.16,63.3 1 0
rental_easy.in/m/pkg/server/Bookings.go:65.35,67.17 2 0
rental_easy.in/m/pkg/server/Bookings.go:71.3,79.22 3 0
rental_easy.in/m/pkg/server/Bookings.go:67.17,69.4 1 0
rental_easy.in/m/pkg/server/Items.go:15.107,36.2 7 1
rental_easy.in/m/pkg/server/Items.go:38.139,42.16 3 1
rental_easy.in/m/pkg/server/Items.go:46.2,46.29 1 1
rental_easy.in/m/pkg/server/Items.go:59.2,59.12 1 1
rental_easy.in/m/pkg/server/Items.go:42.16,44.3 1 0
rental_easy.in/m/pkg/server/Items.go:46.29,58.3 3 1
rental_easy.in/m/pkg/server/Items.go:62.108,67.16 4 1
rental_easy.in/m/pkg/server/Items.go:71.2,79.42 1 1
rental_easy.in/m/pkg/server/Items.go:67.16,69.3 1 0
rental_easy.in/m/pkg/server/Items.go:82.107,88.16 4 1
rental_easy.in/m/pkg/server/Items.go:92.2,92.40 1 1
rental_easy.in/m/pkg/server/Items.go:96.2,113.22 7 1
rental_easy.in/m/pkg/server/Items.go:88.16,90.3 1 0
rental_easy.in/m/pkg/server/Items.go:92.40,94.3 1 1
rental_easy.in/m/pkg/server/Items.go:117.146,120.16 3 1
rental_easy.in/m/pkg/server/Items.go:124.2,124.29 1 1
rental_easy.in/m/pkg/server/Items.go:138.2,138.12 1 1
rental_easy.in/m/pkg/server/Items.go:120.16,122.3 1 0
rental_easy.in/m/pkg/server/Items.go:124.29,136.3 3 1
rental_easy.in/m/pkg/server/Items.go:141.107,148.2 4 1
rental_easy.in/m/pkg/server/Search.go:11.139,20.29 7 1
rental_easy.in/m/pkg/server/Search.go:34.2,34.12 1 1
rental_easy.in/m/pkg/server/Search.go:20.29,32.3 3 1
rental_easy.in/m/pkg/server/Users.go:12.107,29.2 5 1
rental_easy.in/m/pkg/server/Users.go:31.107,33.21 2 1
rental_easy.in/m/pkg/server/Users.go:36.2,50.41 5 1
rental_easy.in/m/pkg/server/Users.go:33.21,35.3 1 1
rental_easy.in/m/pkg/server/Users.go:53.104,69.2 4 1
rental_easy.in/m/pkg/server/Reviews.go:12.110,17.16 4 1
rental_easy.in/m/pkg/server/Reviews.go:21.2,23.25 3 1
rental_easy.in/m/pkg/server/Reviews.go:27.2,29.12 3 1
rental_easy.in/m/pkg/server/Reviews.go:33.2,43.49 4 1
rental_easy.in/m/pkg/server/Reviews.go:17.16,19.3 1 1
rental_easy.in/m/pkg/server/Reviews.go:23.25,25.3 1 1
rental_easy.in/m/pkg/server/Reviews.go:29.12,31.3 1 1
rental_easy.in/m/pkg/server/Reviews.go:46.113,62.2 6 1
rental_easy.in/m/pkg/server/Reviews.go:64.113,70.2 3 1
rental_easy.in/m/pkg/server/Reviews.go:72.136,77.16 5 1
rental_easy.in/m/pkg/server/Reviews.go:81.2,81.33 1 1
rental_easy.in/m/pkg/server/Reviews.go:93.2,93.12 1 1
rental_easy.in/m/pkg/server/Reviews.go:77.16,79.3 1 0
rental_easy.in/m/pkg/server/Reviews.go:81.33,91.3 3 1
rental_easy.in/m/pkg/server/auth_interceptor.go:18.103,20.2 1 0
rental_easy.in/m/pkg/server/auth_interceptor.go:22.73,28.25 1 0
rental_easy.in/m/pkg/server/auth_interceptor.go:28.25,32.57 2 0
rental_easy.in/m/pkg/server/auth_interceptor.go:39.3,39.27 1 0
rental_easy.in/m/pkg/server/auth_interceptor.go:32.57,34.18 2 0
rental_easy.in/m/pkg/server/auth_interceptor.go:34.18,36.5 1 0
rental_easy.in/m/pkg/server/auth_interceptor.go:43.75,49.10 1 0
rental_easy.in/m/pkg/server/auth_interceptor.go:49.10,54.17 3 0
rental_easy.in/m/pkg/server/auth_interceptor.go:58.3,58.30 1 0
rental_easy.in/m/pkg/server/auth_interceptor.go:54.17,56.4 1 0
rental_easy.in/m/pkg/server/auth_interceptor.go:62.89,65.9 2 0
rental_easy.in/m/pkg/server/auth_interceptor.go:69.2,70.22 2 0
rental_easy.in/m/pkg/server/auth_interceptor.go:74.2,77.16 4 0
rental_easy.in/m/pkg/server/auth_interceptor.go:81.2,81.12 1 0
rental_easy.in/m/pkg/server/auth_interceptor.go:65.9,67.3 1 0
rental_easy.in/m/pkg/server/auth_interceptor.go:70.22,72.3 1 0
rental_easy.in/m/pkg/server/auth_interceptor.go:77.16,79.3 1 0
rental_easy.in/m/pkg/server/auth_server.go:19.69,21.2 1 0
rental_easy.in/m/pkg/server/auth_server.go:23.111,30.16 4 0
rental_easy.in/m/pkg/server/auth_server.go:34.2,35.17 2 0
rental_easy.in/m/pkg/server/auth_server.go:30.16,32.3 1 0
rental_easy.in/m/pkg/server/jwt_manager.go:20.79,22.2 1 0
rental_easy.in/m/pkg/server/jwt_manager.go:24.65,34.2 3 0
rental_easy.in/m/pkg/server/jwt_manager.go:36.76,40.47 1 0
rental_easy.in/m/pkg/server/jwt_manager.go:51.2,51.16 1 0
rental_easy.in/m/pkg/server/jwt_manager.go:55.2,57.9 2 0
rental_easy.in/m/pkg/server/jwt_manager.go:61.2,61.20 1 0
rental_easy.in/m/pkg/server/jwt_manager.go:40.47,43.11 2 0
rental_easy.in/m/pkg/server/jwt_manager.go:47.4,47.41 1 0
rental_easy.in/m/pkg/server/jwt_manager.go:43.11,45.5 1 0
rental_easy.in/m/pkg/server/jwt_manager.go:51.16,53.3 1 0
rental_easy.in/m/pkg/server/jwt_manager.go:57.9,59.3 1 0
rental_easy.in/m/pkg/server/mockserver.go:15.117,24.12 6 1
rental_easy.in/m/pkg/server/mockserver.go:30.2,31.74 1 1
rental_easy.in/m/pkg/server/mockserver.go:34.2,34.16 1 1
rental_easy.in/m/pkg/server/mockserver.go:38.2,38.19 1 1
rental_easy.in/m/pkg/server/mockserver.go:46.2,48.23 2 1
rental_easy.in/m/pkg/server/mockserver.go:24.12,25.47 1 1
rental_easy.in/m/pkg/server/mockserver.go:25.47,27.4 1 0
rental_easy.in/m/pkg/server/mockserver.go:31.74,33.4 1 1
rental_easy.in/m/pkg/server/mockserver.go:34.16,36.3 1 0
rental_easy.in/m/pkg/server/mockserver.go:38.19,40.17 2 1
rental_easy.in/m/pkg/server/mockserver.go:43.3,43.20 1 1
rental_easy.in/m/pkg/server/mockserver.go:40.17,42.4 1 0
